==1714791== Memcheck, a memory error detector
==1714791== Copyright (C) 2002-2022, and GNU GPL'd, by Julian Seward et al.
==1714791== Using Valgrind-3.19.0 and LibVEX; rerun with -h for copyright info
==1714791== Command: ./webserv
==1714791== Parent PID: 1714748
==1714791== 
==1714791== 
==1714791== FILE DESCRIPTORS: 4 open (3 std) at exit.
==1714791== Open file descriptor 3: /home/clarily/webserv/valgrind.log
==1714791==    <inherited from parent>
==1714791== 
==1714791== 
==1714791== HEAP SUMMARY:
==1714791==     in use at exit: 0 bytes in 0 blocks
==1714791==   total heap usage: 555 allocs, 555 frees, 131,156 bytes allocated
==1714791== 
==1714791== All heap blocks were freed -- no leaks are possible
==1714791== 
==1714791== For lists of detected and suppressed errors, rerun with: -s
==1714791== ERROR SUMMARY: 0 errors from 0 contexts (suppressed: 0 from 0)
